0 info it worked if it ends with ok
1 verbose cli [ '/anees/Local/iojs/bin/iojs',
1 verbose cli   '/anees/Local/iojs/bin/npm',
1 verbose cli   'publish' ]
2 info using npm@2.13.3
3 info using node@v3.0.0
4 verbose publish [ '.' ]
5 silly cache add args [ '.', null ]
6 verbose cache add spec .
7 silly cache add parsed spec { raw: '.',
7 silly cache add   scope: null,
7 silly cache add   name: null,
7 silly cache add   rawSpec: '.',
7 silly cache add   spec: '/var/web/PublishSpace/smart-cache',
7 silly cache add   type: 'directory' }
8 verbose addLocalDirectory /home/steel/.npm/smart-cache/0.0.2/package.tgz not in flight; packing
9 verbose tar pack [ '/home/steel/.npm/smart-cache/0.0.2/package.tgz',
9 verbose tar pack   '/var/web/PublishSpace/smart-cache' ]
10 verbose tarball /home/steel/.npm/smart-cache/0.0.2/package.tgz
11 verbose folder /var/web/PublishSpace/smart-cache
12 info prepublish smart-cache@0.0.2
13 verbose addLocalTarball adding from inside cache /home/steel/.npm/smart-cache/0.0.2/package.tgz
14 silly cache afterAdd smart-cache@0.0.2
15 verbose afterAdd /home/steel/.npm/smart-cache/0.0.2/package/package.json not in flight; writing
16 verbose afterAdd /home/steel/.npm/smart-cache/0.0.2/package/package.json written
17 silly publish { name: 'smart-cache',
17 silly publish   version: '0.0.2',
17 silly publish   description: 'A smart NodeJS file cache that fits everywhere!',
17 silly publish   main: 'lib/main.js',
17 silly publish   scripts: { test: 'echo "Error: no test specified" && exit 1' },
17 silly publish   repository:
17 silly publish    { type: 'git',
17 silly publish      url: 'git+https://github.com/steelbrain/smart-cache.git' },
17 silly publish   keywords: [ 'cache', 'file' ],
17 silly publish   author: { name: 'steelbrain' },
17 silly publish   license: 'MIT',
17 silly publish   bugs: { url: 'https://github.com/steelbrain/smart-cache/issues' },
17 silly publish   homepage: 'https://github.com/steelbrain/smart-cache#readme',
17 silly publish   dependencies: { 'lru-cache': '^2.6.5' },
17 silly publish   readme: 'Smart-Cache\n==========\n\nSmart-Cache is a tiny nodejs fs caching module that fits everywhere, It supports custom validate and fetch functions so You can use it for network mounts or efficient network downloads in your apps.\n\nMy personal use case was that I was working on a nodejs assets server that automatically transpiles the contents, and for that I needed and efficient yet strong and reliable cache, Tara! Smart-Cache was born.\n\n#### API\n```js\nclass SmartCache<TVal, TCompare>{\n  constructor(?LRUOptions, ?cacheValidator<TCompare>, ?cacheFetcher<TVal>)\n  get(filePath):Promise<TVal>\n  dispose():void\n  static DefaultValidator<TCompare>(filePath, oldValue):Promise<TCompare>\n  static DefaultFetcher<TVal>(filePath):Promise<TVal>\n}\n```\n\n#### Example\n```js\nconst SmartCache = require(\'smart-cache\')\nconst smartCache = new SmartCache\nsmartCache.get("/etc/passwd").then(function(contents){\n  console.log(contents)\n})\n```\n\n#### License\nThis project is licensed under the terms of MIT License. See the LICENSE file for more info.\n',
17 silly publish   readmeFilename: 'README.md',
17 silly publish   gitHead: '6b69f89a0cfb7010090fa4c0e5d57a4f948afbbf',
17 silly publish   _id: 'smart-cache@0.0.2',
17 silly publish   _shasum: 'eb5979063196defd8729e36ab04eb6013e7fe400',
17 silly publish   _from: '.' }
18 verbose getPublishConfig undefined
19 silly mapToRegistry name smart-cache
20 silly mapToRegistry using default registry
21 silly mapToRegistry registry https://registry.npmjs.org/
22 silly mapToRegistry uri https://registry.npmjs.org/smart-cache
23 verbose publish registryBase https://registry.npmjs.org/
24 silly publish uploading /home/steel/.npm/smart-cache/0.0.2/package.tgz
25 verbose request uri https://registry.npmjs.org/smart-cache
26 verbose request sending authorization for write operation
27 info attempt registry request try #1 at 10:18:07
28 verbose request using bearer token for auth
29 verbose request id 30260a6d2bb40d85
30 http request PUT https://registry.npmjs.org/smart-cache
31 http 403 https://registry.npmjs.org/smart-cache
32 verbose headers { 'content-type': 'application/json',
32 verbose headers   'cache-control': 'max-age=60',
32 verbose headers   'content-length': '128',
32 verbose headers   'accept-ranges': 'bytes',
32 verbose headers   date: 'Wed, 05 Aug 2015 16:18:09 GMT',
32 verbose headers   via: '1.1 varnish',
32 verbose headers   connection: 'keep-alive',
32 verbose headers   'x-served-by': 'cache-ams4143-AMS',
32 verbose headers   'x-cache': 'MISS',
32 verbose headers   'x-cache-hits': '0',
32 verbose headers   'x-timer': 'S1438791489.301627,VS0,VE673' }
33 verbose request invalidating /home/steel/.npm/registry.npmjs.org/smart-cache on PUT
34 error publish Failed PUT 403
35 verbose stack Error: "You cannot publish over the previously published version 0.0.2. Try bumping the version to 1.0.0" : smart-cache
35 verbose stack     at CachingRegistryClient.<anonymous> (/anees/Local/iojs/lib/node_modules/npm/node_modules/npm-registry-client/lib/request.js:247:14)
35 verbose stack     at Request._callback (/anees/Local/iojs/lib/node_modules/npm/node_modules/npm-registry-client/lib/request.js:170:14)
35 verbose stack     at Request.self.callback (/anees/Local/iojs/lib/node_modules/npm/node_modules/request/request.js:198:22)
35 verbose stack     at emitTwo (events.js:87:13)
35 verbose stack     at Request.emit (events.js:172:7)
35 verbose stack     at Request.<anonymous> (/anees/Local/iojs/lib/node_modules/npm/node_modules/request/request.js:1057:14)
35 verbose stack     at emitOne (events.js:82:20)
35 verbose stack     at Request.emit (events.js:169:7)
35 verbose stack     at IncomingMessage.<anonymous> (/anees/Local/iojs/lib/node_modules/npm/node_modules/request/request.js:1003:12)
35 verbose stack     at emitNone (events.js:72:20)
36 verbose statusCode 403
37 verbose pkgid smart-cache
38 verbose cwd /var/web/PublishSpace/smart-cache
39 error Linux 3.19.0-25-generic
40 error argv "/anees/Local/iojs/bin/iojs" "/anees/Local/iojs/bin/npm" "publish"
41 error node v3.0.0
42 error npm  v2.13.3
43 error code E403
44 error "You cannot publish over the previously published version 0.0.2. Try bumping the version to 1.0.0" : smart-cache
45 error If you need help, you may report this error at:
45 error     <https://github.com/npm/npm/issues>
46 verbose exit [ 1, true ]
